<?xml version="1.0" encoding="UTF-8"?>
<testng-results ignored="0" total="1" passed="1" failed="0" skipped="0">
  <reporter-output>
  </reporter-output>
  <suite started-at="2022-12-08T13:16:32 IST" name="Default suite" finished-at="2022-12-08T13:16:47 IST" duration-ms="15176">
    <groups>
    </groups>
    <test started-at="2022-12-08T13:16:32 IST" name="Default test" finished-at="2022-12-08T13:16:47 IST" duration-ms="15176">
      <class name="test_jenkins.KtmTest">
        <test-method signature="ktm()[pri:0, instance:test_jenkins.KtmTest@1817d444]" started-at="2022-12-08T13:16:32 IST" name="ktm" finished-at="2022-12-08T13:16:47 IST" duration-ms="15124" status="PASS">
          <reporter-output>
          </reporter-output>
        </test-method> <!-- ktm -->
      </class> <!-- test_jenkins.KtmTest -->
    </test> <!-- Default test -->
  </suite> <!-- Default suite -->
</testng-results>
